<?xml version="1.0" encoding="UTF-8"?>
<!-- Generated by org.testng.reporters.JUnitXMLReporter -->
<testsuite hostname="VMPC1046" ignored="0" name="Default test" tests="3" failures="2" timestamp="16 May 2017 08:09:24 GMT" time="149.413" errors="0">
  <testcase name="CancelLeave" time="0.009" classname="com.RequestFunctionality.LeaveRequest"/>
  <testcase name="ApplyLeave" time="10.981" classname="com.RequestFunctionality.LeaveRequest">
    <failure type="java.lang.NullPointerException">
      <![CDATA[java.lang.NullPointerException
	at com.google.common.base.Preconditions.checkNotNull(Preconditions.java:212)
	at org.openqa.selenium.support.ui.FluentWait.<init>(FluentWait.java:102)
	at org.openqa.selenium.support.ui.WebDriverWait.<init>(WebDriverWait.java:71)
	at org.openqa.selenium.support.ui.WebDriverWait.<init>(WebDriverWait.java:45)
	at com.Libaray.ExplicityWait.waitCall(ExplicityWait.java:15)
	at com.RequestFunctionality.LeaveRequest.ApplyLeave(LeaveRequest.java:59)
... Removed 25 stack frames]]>
    </failure>
  </testcase> <!-- ApplyLeave -->
  <testcase name="ManagerApproval" time="128.997" classname="com.RequestFunctionality.LeaveRequest">
    <failure type="java.lang.NullPointerException">
      <![CDATA[java.lang.NullPointerException
	at com.RequestFunctionality.LeaveRequest.ManagerApproval(LeaveRequest.java:221)
... Removed 25 stack frames]]>
    </failure>
  </testcase> <!-- ManagerApproval -->
</testsuite> <!-- Default test -->
