<?xml version="1.0" encoding="UTF-8"?>
<!-- Generated by org.testng.reporters.JUnitXMLReporter -->
<testsuite hostname="VMPC1046" ignored="2" name="Vzone" tests="7" failures="3" timestamp="12 May 2017 06:01:35 GMT" time="57.393" errors="0">
  <testcase name="ValidLogin" time="9.443" classname="com.LoginLogout.LoginToVzone"/>
  <testcase name="LogoutFunction" time="2.662" classname="com.LoginLogout.LoginToVzone"/>
  <testcase name="invalidLogin" time="3.966" classname="com.LoginLogout.LoginToVzone"/>
  <testcase name="InboxPage" time="17.748" classname="com.LoginLogout.ClickOnMenus">
    <failure type="java.lang.AssertionError" message="expected [page is not inbox,sorry we are in wrong page] but found [false]">
      <![CDATA[java.lang.AssertionError: expected [page is not inbox,sorry we are in wrong page] but found [false]
	at com.LoginLogout.ClickOnMenus.InboxPage(ClickOnMenus.java:55)
... Removed 30 stack frames]]>
    </failure>
  </testcase> <!-- InboxPage -->
  <testcase name="ClickOnHR" time="2.027" classname="com.LoginLogout.ClickOnMenus">
    <failure type="java.lang.AssertionError" message="expected [page is not HR,sorry we are in wrong page] but found [false]">
      <![CDATA[java.lang.AssertionError: expected [page is not HR,sorry we are in wrong page] but found [false]
	at com.LoginLogout.ClickOnMenus.ClickOnHR(ClickOnMenus.java:87)
... Removed 30 stack frames]]>
    </failure>
  </testcase> <!-- ClickOnHR -->
  <testcase name="detailsOfHr" time="8.854" classname="com.LoginLogout.ClickOnMenus"/>
  <testcase name="Recuiter" time="1.44" classname="com.LoginLogout.ClickOnMenus">
    <failure type="java.lang.AssertionError" message="expected [page is not recruiter,sorry we are in wrong page] but found [false]">
      <![CDATA[java.lang.AssertionError: expected [page is not recruiter,sorry we are in wrong page] but found [false]
	at com.LoginLogout.ClickOnMenus.Recuiter(ClickOnMenus.java:153)
... Removed 30 stack frames]]>
    </failure>
  </testcase> <!-- Recuiter -->
  <testcase name="@AfterTest teardown" time="0.0" classname="com.LoginLogout.BaseClass">
    <ignored/>
  </testcase> <!-- @AfterTest teardown -->
  <testcase name="@BeforeTest SetUp" time="0.0" classname="com.LoginLogout.BaseClass">
    <ignored/>
  </testcase> <!-- @BeforeTest SetUp -->
</testsuite> <!-- Vzone -->
