<?xml version="1.0" encoding="UTF-8"?>
<!-- Generated by org.testng.reporters.JUnitXMLReporter -->
<testsuite hostname="VMPC1046" ignored="4" name="com.LoginLogout" tests="7" failures="0" timestamp="12 May 2017 06:22:00 GMT" time="67.493" errors="0">
  <testcase name="ValidLogin" time="8.338" classname="com.LoginLogout.LoginToVzone"/>
  <testcase name="LogoutFunction" time="2.793" classname="com.LoginLogout.LoginToVzone"/>
  <testcase name="invalidLogin" time="3.348" classname="com.LoginLogout.LoginToVzone"/>
  <testcase name="InboxPage" time="14.26" classname="com.LoginLogout.ClickOnMenus"/>
  <testcase name="ClickOnHR" time="1.796" classname="com.LoginLogout.ClickOnMenus"/>
  <testcase name="detailsOfHr" time="25.917" classname="com.LoginLogout.ClickOnMenus"/>
  <testcase name="Recuiter" time="2.4" classname="com.LoginLogout.ClickOnMenus"/>
  <testcase name="@AfterTest teardown" time="0.0" classname="com.LoginLogout.BaseClass">
    <ignored/>
  </testcase> <!-- @AfterTest teardown -->
  <testcase name="@AfterTest teardown" time="0.0" classname="com.LoginLogout.BaseClass">
    <ignored/>
  </testcase> <!-- @AfterTest teardown -->
  <testcase name="@BeforeTest SetUp" time="0.0" classname="com.LoginLogout.BaseClass">
    <ignored/>
  </testcase> <!-- @BeforeTest SetUp -->
  <testcase name="@BeforeTest SetUp" time="0.0" classname="com.LoginLogout.BaseClass">
    <ignored/>
  </testcase> <!-- @BeforeTest SetUp -->
</testsuite> <!-- com.LoginLogout -->
